<?xml version="1.0" encoding="UTF-8"?>
<testsuite xmlns:xsi="http://www.w3.org/2001/XMLSchema-instance" xsi:noNamespaceSchemaLocation="https://maven.apache.org/surefire/maven-surefire-plugin/xsd/surefire-test-report.xsd" name="es.ull.etsii.MovieRunnerSimilarRatingsTest" time="0" tests="7" errors="0" skipped="0" failures="0">
  <properties>
[...]
</properties>
  <testcase name="printSimilarRatingsByDirector" classname="es.ull.etsii.MovieRunnerSimilarRatingsTest" time="0"/>
  <testcase name="printAverageRatings" classname="es.ull.etsii.MovieRunnerSimilarRatingsTest" time="0"/>
  <testcase name="printSimilarRatingsByGenre" classname="es.ull.etsii.MovieRunnerSimilarRatingsTest" time="0"/>
  <testcase name="printSimilarRatings" classname="es.ull.etsii.MovieRunnerSimilarRatingsTest" time="0"/>
  <testcase name="printSimilarRatingsByGenreAndMinutes" classname="es.ull.etsii.MovieRunnerSimilarRatingsTest" time="0"/>
  <testcase name="printSimilarRatingsByYearAfterAndMinutes" classname="es.ull.etsii.MovieRunnerSimilarRatingsTest" time="0"/>
  <testcase name="printAverageRatingsByYearAfterAndGenre" classname="es.ull.etsii.MovieRunnerSimilarRatingsTest" time="0"/>
</testsuite>